<?xml version="1.0" encoding="UTF-8"?>
<!-- Generated by org.testng.reporters.JUnitReportReporter -->
<testsuite skipped="0" hostname="LP-5CD7485ZW3" name="functionalTests.TestDependencies" tests="4" failures="0" timestamp="2020-08-12T00:35:53 IST" time="0.017" errors="0">
  <testcase name="doUserRegistration" time="0.002" classname="functionalTests.TestDependencies"/>
  <system-out/>
  <testcase name="doLogin" time="0.003" classname="functionalTests.TestDependencies"/>
  <system-out/>
  <testcase name="doForgotPassword" time="0.008" classname="functionalTests.TestDependencies"/>
  <system-out/>
  <testcase name="doForgotUsername" time="0.004" classname="functionalTests.TestDependencies"/>
  <system-out/>
</testsuite> <!-- functionalTests.TestDependencies -->
