<?xml version="1.0" encoding="UTF-8"?>
<!-- Generated by org.testng.reporters.JUnitReportReporter -->
<testsuite skipped="0" hostname="LP-5CD7485ZW3" name="functionalTests.Validations" tests="1" failures="0" timestamp="2020-08-12T00:35:53 IST" time="0.001" errors="0">
  <testcase name="validateTitles" time="0.001" classname="functionalTests.Validations"/>
  <system-out/>
</testsuite> <!-- functionalTests.Validations -->
