<?xml version="1.0" encoding="UTF-8"?>
<!-- Generated by org.testng.reporters.JUnitReportReporter -->
<testsuite skipped="0" hostname="LP-5CD7485ZW3" name="functionalTests.LoginTestCase" tests="2" failures="0" timestamp="2020-08-12T00:35:53 IST" time="0.032" errors="0">
  <testcase name="doUserRegistration" time="0.021" classname="functionalTests.LoginTestCase"/>
  <system-out/>
  <testcase name="doLogin" time="0.011" classname="functionalTests.LoginTestCase"/>
  <system-out/>
</testsuite> <!-- functionalTests.LoginTestCase -->
